TN:
SF:backend\Server.js
FN:1,(empty-report)
FNF:1
FNH:0
FNDA:0,(empty-report)
DA:1,0
DA:2,0
DA:3,0
DA:4,0
DA:5,0
DA:6,0
DA:7,0
DA:8,0
DA:9,0
DA:10,0
DA:11,0
DA:12,0
DA:13,0
DA:14,0
DA:15,0
DA:16,0
DA:17,0
DA:18,0
DA:19,0
DA:20,0
DA:21,0
DA:22,0
DA:23,0
DA:24,0
DA:25,0
DA:26,0
DA:27,0
DA:28,0
DA:29,0
DA:30,0
DA:31,0
DA:32,0
DA:33,0
DA:34,0
DA:35,0
DA:36,0
DA:37,0
DA:38,0
DA:39,0
DA:40,0
DA:41,0
DA:42,0
DA:43,0
DA:44,0
DA:45,0
DA:46,0
DA:47,0
DA:48,0
DA:49,0
DA:50,0
DA:51,0
DA:52,0
DA:53,0
DA:54,0
DA:55,0
DA:56,0
DA:57,0
DA:58,0
DA:59,0
DA:60,0
LF:60
LH:0
BRDA:1,0,0,0
BRF:1
BRH:0
end_of_record
TN:
SF:src\App.jsx
FN:9,LoginWithNavigate
FN:15,render
FNF:2
FNH:2
FNDA:2,LoginWithNavigate
FNDA:2,render
DA:1,1
DA:2,1
DA:3,1
DA:4,1
DA:5,1
DA:6,1
DA:9,1
DA:10,2
DA:11,2
DA:12,2
DA:14,1
DA:15,1
DA:16,2
DA:17,2
DA:18,2
DA:19,2
DA:21,2
DA:22,2
DA:23,2
DA:24,2
DA:25,2
DA:26,2
DA:27,2
DA:29,2
DA:30,1
DA:32,1
LF:26
LH:26
BRDA:9,0,0,2
BRDA:15,1,0,2
BRF:2
BRH:2
end_of_record
TN:
SF:src\main.jsx
FN:1,(empty-report)
FNF:1
FNH:0
FNDA:0,(empty-report)
DA:1,0
DA:2,0
DA:3,0
DA:4,0
DA:5,0
DA:7,0
DA:9,0
DA:10,0
DA:11,0
DA:12,0
DA:13,0
DA:14,0
DA:15,0
LF:13
LH:0
BRDA:1,0,0,0
BRF:1
BRH:0
end_of_record
TN:
SF:src\API\employeeApi.js
FN:5,getEmployees
FN:14,getEmployeeById
FN:23,createEmployee
FN:32,updateEmployee
FN:41,deleteEmployee
FNF:5
FNH:2
FNDA:6,getEmployees
FNDA:0,getEmployeeById
FNDA:0,createEmployee
FNDA:0,updateEmployee
FNDA:1,deleteEmployee
DA:1,1
DA:3,1
DA:5,1
DA:6,6
DA:7,6
DA:8,6
DA:9,6
DA:10,1
DA:11,1
DA:12,6
DA:14,1
DA:15,0
DA:16,0
DA:17,0
DA:18,0
DA:19,0
DA:20,0
DA:21,0
DA:23,1
DA:24,0
DA:25,0
DA:26,0
DA:27,0
DA:28,0
DA:29,0
DA:30,0
DA:32,1
DA:33,0
DA:34,0
DA:35,0
DA:36,0
DA:37,0
DA:38,0
DA:39,0
DA:41,1
DA:42,1
DA:43,1
DA:44,1
DA:45,1
DA:46,0
DA:47,0
DA:48,1
LF:42
LH:19
BRDA:5,0,0,6
BRDA:9,1,0,1
BRDA:41,2,0,1
BRDA:45,3,0,0
BRF:4
BRH:3
end_of_record
TN:
SF:src\component\EmployeeForm.jsx
FN:14,<instance_members_initializer>
FN:32,componentDidMount
FN:36,fetchEmployeeData
FN:67,handleChange
FN:75,handleReset
FN:92,handleCheckboxChange
FN:103,validateForm
FN:130,handleSubmit
FN:175,render
FN:416,onClick
FNF:10
FNH:9
FNDA:11,<instance_members_initializer>
FNDA:11,componentDidMount
FNDA:11,fetchEmployeeData
FNDA:8,handleChange
FNDA:2,handleReset
FNDA:1,handleCheckboxChange
FNDA:3,validateForm
FNDA:3,handleSubmit
FNDA:25,render
FNDA:0,onClick
DA:1,1
DA:2,1
DA:3,1
DA:4,1
DA:5,1
DA:6,1
DA:7,1
DA:8,1
DA:14,1
DA:15,11
DA:16,11
DA:17,11
DA:18,11
DA:19,11
DA:20,11
DA:21,11
DA:22,11
DA:23,11
DA:24,11
DA:25,11
DA:26,11
DA:27,11
DA:28,11
DA:29,11
DA:30,11
DA:32,11
DA:33,11
DA:34,11
DA:36,11
DA:37,11
DA:38,11
DA:39,0
DA:40,0
DA:41,0
DA:42,0
DA:43,0
DA:44,0
DA:45,0
DA:47,0
DA:48,0
DA:49,0
DA:50,0
DA:51,0
DA:52,0
DA:54,0
DA:55,0
DA:56,0
DA:57,0
DA:58,0
DA:59,0
DA:60,0
DA:61,0
DA:62,0
DA:63,0
DA:64,0
DA:65,11
DA:67,11
DA:68,8
DA:69,8
DA:70,8
DA:71,8
DA:72,8
DA:73,8
DA:75,11
DA:76,2
DA:77,2
DA:78,2
DA:79,2
DA:80,2
DA:81,2
DA:82,2
DA:83,2
DA:84,2
DA:85,2
DA:86,2
DA:87,2
DA:88,2
DA:89,2
DA:90,2
DA:92,11
DA:93,1
DA:95,1
DA:96,1
DA:97,1
DA:98,0
DA:99,1
DA:100,1
DA:101,1
DA:103,11
DA:104,3
DA:105,3
DA:106,3
DA:107,3
DA:108,3
DA:109,3
DA:110,3
DA:111,3
DA:112,3
DA:113,3
DA:114,3
DA:116,3
DA:117,3
DA:118,3
DA:119,3
DA:120,3
DA:121,3
DA:122,3
DA:123,3
DA:124,3
DA:126,3
DA:127,3
DA:128,3
DA:130,11
DA:131,3
DA:133,3
DA:134,3
DA:135,3
DA:137,0
DA:138,0
DA:139,0
DA:140,0
DA:141,0
DA:142,0
DA:143,0
DA:144,0
DA:145,0
DA:146,0
DA:147,0
DA:148,0
DA:149,0
DA:151,3
DA:152,0
DA:153,0
DA:154,0
DA:155,0
DA:156,0
DA:157,0
DA:159,0
DA:160,0
DA:161,0
DA:162,0
DA:163,0
DA:164,0
DA:165,0
DA:166,0
DA:167,0
DA:168,0
DA:169,0
DA:170,0
DA:171,0
DA:172,0
DA:173,3
DA:175,11
DA:176,25
DA:177,0
DA:178,0
DA:180,25
DA:183,25
DA:184,25
DA:185,25
DA:186,25
DA:187,25
DA:188,25
DA:190,25
DA:191,25
DA:192,0
DA:195,25
DA:196,25
DA:197,25
DA:198,25
DA:199,25
DA:200,25
DA:201,25
DA:202,25
DA:203,25
DA:204,25
DA:205,25
DA:206,25
DA:207,25
DA:208,2
DA:210,25
DA:211,25
DA:213,25
DA:214,25
DA:216,25
DA:217,25
DA:218,25
DA:219,25
DA:220,25
DA:221,25
DA:222,25
DA:223,25
DA:224,75
DA:225,75
DA:226,75
DA:227,75
DA:228,75
DA:229,75
DA:230,75
DA:231,75
DA:232,75
DA:233,75
DA:234,75
DA:235,75
DA:236,75
DA:237,25
DA:238,25
DA:239,25
DA:240,3
DA:242,25
DA:243,25
DA:245,25
DA:246,25
DA:247,25
DA:248,25
DA:249,25
DA:250,25
DA:251,25
DA:252,25
DA:253,25
DA:254,25
DA:255,25
DA:256,25
DA:257,25
DA:258,25
DA:260,25
DA:261,25
DA:262,25
DA:263,25
DA:264,25
DA:265,25
DA:266,25
DA:267,25
DA:268,25
DA:269,25
DA:271,25
DA:272,25
DA:273,25
DA:274,3
DA:276,25
DA:277,25
DA:279,25
DA:280,25
DA:281,25
DA:282,25
DA:283,25
DA:284,25
DA:285,125
DA:286,125
DA:287,125
DA:288,125
DA:289,125
DA:290,125
DA:291,125
DA:292,125
DA:293,125
DA:294,125
DA:295,125
DA:297,25
DA:298,25
DA:299,25
DA:300,3
DA:302,25
DA:303,25
DA:305,25
DA:306,25
DA:307,25
DA:308,25
DA:309,25
DA:310,25
DA:311,25
DA:312,25
DA:313,25
DA:315,25
DA:316,25
DA:317,25
DA:318,25
DA:319,25
DA:320,3
DA:322,25
DA:323,25
DA:325,25
DA:326,25
DA:327,25
DA:328,25
DA:329,25
DA:330,25
DA:331,25
DA:332,25
DA:333,25
DA:334,25
DA:336,25
DA:337,25
DA:338,775
DA:339,775
DA:340,775
DA:341,25
DA:342,25
DA:343,25
DA:344,25
DA:345,25
DA:346,25
DA:347,25
DA:349,25
DA:350,25
DA:351,25
DA:352,25
DA:353,25
DA:354,25
DA:355,25
DA:356,25
DA:357,25
DA:358,25
DA:359,25
DA:360,25
DA:361,25
DA:362,25
DA:363,25
DA:364,300
DA:365,300
DA:366,300
DA:367,25
DA:368,25
DA:369,25
DA:370,25
DA:371,25
DA:372,25
DA:373,25
DA:375,25
DA:376,25
DA:377,1250
DA:378,1250
DA:379,1250
DA:380,1250
DA:381,1250
DA:383,25
DA:384,25
DA:385,25
DA:386,25
DA:387,22
DA:388,22
DA:389,3
DA:390,3
DA:391,0
DA:392,0
DA:393,3
DA:395,25
DA:396,25
DA:398,25
DA:399,25
DA:400,25
DA:401,25
DA:402,25
DA:403,25
DA:404,25
DA:405,25
DA:406,25
DA:407,25
DA:408,25
DA:409,25
DA:410,25
DA:412,25
DA:413,25
DA:414,25
DA:415,25
DA:416,25
DA:417,25
DA:418,25
DA:420,25
DA:421,25
DA:422,25
DA:423,25
DA:424,25
DA:425,25
DA:427,25
DA:428,0
DA:429,25
DA:430,0
DA:431,25
DA:432,25
DA:433,25
DA:434,25
DA:435,25
DA:436,25
DA:437,25
DA:438,25
DA:440,25
DA:441,25
DA:442,25
DA:443,25
DA:444,25
DA:445,25
DA:447,25
DA:448,11
DA:450,1
LF:395
LH:330
BRDA:14,0,0,11
BRDA:32,1,0,11
BRDA:36,2,0,11
BRDA:38,3,0,0
BRDA:67,4,0,8
BRDA:69,5,0,8
BRDA:75,6,0,2
BRDA:92,7,0,1
BRDA:95,8,0,1
BRDA:97,9,0,0
BRDA:103,10,0,3
BRDA:116,11,0,2
BRDA:130,12,0,3
BRDA:135,13,0,0
BRDA:151,14,0,0
BRDA:151,15,0,0
BRDA:175,16,0,25
BRDA:176,17,0,0
BRDA:190,18,0,0
BRDA:191,19,0,0
BRDA:203,20,0,21
BRDA:207,21,0,2
BRDA:239,22,0,3
BRDA:273,23,0,3
BRDA:299,24,0,3
BRDA:319,25,0,3
BRDA:386,26,0,22
BRDA:387,27,0,22
BRDA:388,28,0,3
BRDA:390,29,0,0
BRDA:391,30,0,0
BRDA:427,31,0,0
BRDA:429,32,0,0
BRDA:223,33,0,75
BRDA:284,34,0,125
BRDA:337,35,0,775
BRDA:363,36,0,300
BRDA:376,37,0,1250
BRF:38
BRH:26
end_of_record
TN:
SF:src\component\EmployeeList.jsx
FN:8,<instance_members_initializer>
FN:15,componentDidMount
FN:20,fetchEmployees
FN:29,handleEdit
FN:33,handleDelete
FN:42,handleSearch
FN:46,formatDate
FN:57,highlightText
FN:81,render
FN:162,onError
FN:195,onClick
FN:202,onClick
FNF:12
FNH:8
FNDA:5,<instance_members_initializer>
FNDA:5,componentDidMount
FNDA:6,fetchEmployees
FNDA:0,handleEdit
FNDA:1,handleDelete
FNDA:0,handleSearch
FNDA:8,formatDate
FNDA:20,highlightText
FNDA:8,render
FNDA:0,onError
FNDA:1,onClick
FNDA:0,onClick
DA:1,1
DA:2,1
DA:3,1
DA:4,1
DA:5,1
DA:6,1
DA:8,1
DA:9,5
DA:10,5
DA:11,5
DA:12,5
DA:13,5
DA:15,5
DA:16,5
DA:18,5
DA:20,5
DA:21,6
DA:22,6
DA:23,5
DA:24,6
DA:25,1
DA:26,1
DA:27,6
DA:29,5
DA:30,0
DA:31,0
DA:33,5
DA:34,1
DA:35,1
DA:36,1
DA:37,1
DA:38,0
DA:39,0
DA:40,1
DA:42,5
DA:43,0
DA:44,0
DA:46,5
DA:47,8
DA:48,8
DA:49,8
DA:50,8
DA:51,8
DA:52,8
DA:53,8
DA:54,8
DA:55,8
DA:57,5
DA:58,20
DA:60,0
DA:61,0
DA:63,0
DA:65,0
DA:66,0
DA:68,0
DA:69,0
DA:70,0
DA:72,0
DA:73,0
DA:74,0
DA:75,0
DA:76,0
DA:77,0
DA:79,20
DA:81,5
DA:82,8
DA:84,8
DA:85,4
DA:87,4
DA:88,4
DA:89,4
DA:90,4
DA:91,0
DA:92,4
DA:94,4
DA:95,4
DA:97,4
DA:98,4
DA:100,4
DA:101,4
DA:102,0
DA:103,0
DA:104,0
DA:105,0
DA:106,0
DA:108,8
DA:110,8
DA:111,8
DA:112,8
DA:114,8
DA:115,8
DA:116,8
DA:117,8
DA:119,8
DA:120,8
DA:121,8
DA:122,8
DA:123,8
DA:124,8
DA:125,8
DA:126,8
DA:127,8
DA:128,8
DA:129,8
DA:130,8
DA:131,8
DA:132,8
DA:133,8
DA:135,8
DA:137,8
DA:138,8
DA:139,8
DA:140,8
DA:141,8
DA:142,8
DA:143,8
DA:144,8
DA:145,8
DA:146,8
DA:147,8
DA:148,8
DA:149,8
DA:150,8
DA:151,2
DA:152,4
DA:153,4
DA:154,4
DA:155,4
DA:156,4
DA:157,0
DA:158,4
DA:160,4
DA:161,4
DA:162,4
DA:163,4
DA:164,4
DA:165,4
DA:166,4
DA:167,4
DA:168,4
DA:169,4
DA:170,4
DA:171,4
DA:172,4
DA:173,4
DA:175,0
DA:176,0
DA:177,0
DA:178,0
DA:179,0
DA:180,0
DA:182,4
DA:183,4
DA:184,4
DA:185,4
DA:186,4
DA:187,4
DA:188,4
DA:189,4
DA:190,4
DA:191,4
DA:192,4
DA:193,4
DA:194,4
DA:195,4
DA:196,4
DA:198,4
DA:199,4
DA:200,4
DA:201,4
DA:202,4
DA:203,4
DA:205,4
DA:206,4
DA:207,4
DA:208,4
DA:209,4
DA:210,2
DA:212,6
DA:213,6
DA:214,6
DA:216,8
DA:217,8
DA:218,8
DA:220,8
DA:221,5
DA:223,1
LF:187
LH:154
BRDA:8,0,0,5
BRDA:15,1,0,5
BRDA:20,2,0,6
BRDA:22,3,0,5
BRDA:24,4,0,1
BRDA:33,5,0,1
BRDA:37,6,0,0
BRDA:46,7,0,8
BRDA:47,8,0,0
BRDA:49,9,0,0
BRDA:57,10,0,20
BRDA:58,11,0,0
BRDA:58,12,0,0
BRDA:81,13,0,8
BRDA:135,14,0,0
BRDA:150,15,0,2
BRDA:210,16,0,6
BRDA:84,17,0,4
BRDA:90,18,0,0
BRDA:97,19,0,0
BRDA:101,20,0,0
BRDA:102,21,0,0
BRDA:103,22,0,0
BRDA:104,23,0,0
BRDA:105,24,0,0
BRDA:90,25,0,4
BRDA:151,26,0,4
BRDA:156,27,0,0
BRDA:173,28,0,0
BRDA:169,29,0,4
BRDA:195,30,0,1
BRF:31
BRH:16
end_of_record
TN:
SF:src\component\Footer.jsx
FN:5,Footer
FNF:1
FNH:1
FNDA:4,Footer
DA:1,1
DA:2,1
DA:3,1
DA:5,1
DA:6,4
DA:7,4
DA:8,4
DA:9,4
DA:10,4
DA:11,4
DA:13,4
DA:15,1
LF:12
LH:12
BRDA:5,0,0,4
BRF:1
BRH:1
end_of_record
TN:
SF:src\component\Header.jsx
FN:7,Header
FN:35,handleLogout
FN:54,onClick
FNF:3
FNH:3
FNDA:45,Header
FNDA:2,handleLogout
FNDA:3,onClick
DA:1,1
DA:2,1
DA:3,1
DA:4,1
DA:5,1
DA:7,1
DA:8,45
DA:9,45
DA:10,45
DA:12,45
DA:13,20
DA:15,20
DA:16,20
DA:17,20
DA:19,20
DA:20,0
DA:21,0
DA:23,20
DA:24,0
DA:25,0
DA:26,0
DA:27,0
DA:28,0
DA:30,20
DA:31,3
DA:32,3
DA:33,45
DA:35,45
DA:36,2
DA:37,2
DA:38,2
DA:40,45
DA:41,45
DA:42,45
DA:43,45
DA:44,45
DA:45,45
DA:46,45
DA:47,45
DA:48,45
DA:51,45
DA:52,45
DA:53,45
DA:54,45
DA:55,45
DA:56,45
DA:58,45
DA:59,45
DA:62,45
DA:63,5
DA:64,5
DA:65,5
DA:67,5
DA:68,5
DA:70,45
DA:71,45
DA:73,45
DA:75,1
LF:58
LH:51
BRDA:7,0,0,45
BRDA:62,1,0,5
BRDA:12,2,0,20
BRDA:19,3,0,0
BRDA:23,4,0,0
BRDA:23,5,0,0
BRDA:30,6,0,3
BRDA:31,7,0,0
BRDA:35,8,0,2
BRDA:54,9,0,3
BRF:10
BRH:6
end_of_record
TN:
SF:src\component\Login.jsx
FN:12,<instance_members_initializer>
FN:13,Login
FN:21,componentDidMount
FN:38,handleSuccess
FN:50,handleError
FN:54,handleLogout
FN:59,handleGitHubLogin
FN:63,renderAuthSection
FN:108,render
FNF:9
FNH:5
FNDA:3,<instance_members_initializer>
FNDA:3,Login
FNDA:3,componentDidMount
FNDA:0,handleSuccess
FNDA:0,handleError
FNDA:0,handleLogout
FNDA:0,handleGitHubLogin
FNDA:3,renderAuthSection
FNDA:3,render
DA:1,1
DA:2,1
DA:3,1
DA:4,1
DA:5,1
DA:7,1
DA:8,1
DA:10,1
DA:12,1
DA:13,3
DA:14,3
DA:15,3
DA:16,3
DA:17,3
DA:18,3
DA:19,3
DA:21,3
DA:22,3
DA:23,0
DA:24,0
DA:25,0
DA:26,0
DA:28,0
DA:29,0
DA:30,0
DA:31,0
DA:33,0
DA:34,0
DA:35,3
DA:36,3
DA:38,3
DA:39,0
DA:40,0
DA:42,0
DA:43,0
DA:45,0
DA:46,0
DA:47,0
DA:48,0
DA:50,3
DA:51,0
DA:52,0
DA:54,3
DA:55,0
DA:56,0
DA:57,0
DA:59,3
DA:60,0
DA:61,0
DA:63,3
DA:64,3
DA:66,3
DA:67,0
DA:68,0
DA:70,3
DA:71,0
DA:72,0
DA:73,0
DA:74,0
DA:75,0
DA:76,0
DA:77,0
DA:78,0
DA:79,0
DA:80,0
DA:82,0
DA:83,0
DA:85,0
DA:87,3
DA:88,3
DA:89,3
DA:90,3
DA:91,3
DA:92,3
DA:93,3
DA:94,3
DA:96,3
DA:97,3
DA:98,3
DA:99,3
DA:100,3
DA:101,3
DA:103,3
DA:104,3
DA:106,3
DA:108,3
DA:109,3
DA:110,3
DA:111,3
DA:112,3
DA:113,3
DA:115,3
DA:116,3
DA:118,3
DA:120,3
DA:121,3
DA:122,3
DA:123,3
DA:124,3
DA:126,3
DA:127,3
DA:129,1
LF:102
LH:62
BRDA:12,0,0,3
BRDA:13,1,0,3
BRDA:21,2,0,3
BRDA:63,3,0,3
BRDA:66,4,0,0
BRDA:70,5,0,0
BRDA:108,6,0,3
BRF:7
BRH:5
end_of_record
TN:
SF:src\utils\withRouter.js
FN:1,(empty-report)
FNF:1
FNH:0
FNDA:0,(empty-report)
DA:1,0
DA:2,0
DA:3,0
DA:4,0
DA:5,0
DA:6,0
DA:7,0
DA:8,0
DA:9,0
DA:10,0
LF:10
LH:0
BRDA:1,0,0,0
BRF:1
BRH:0
end_of_record
